# JRE version: OpenJDK Runtime Environment Temurin-17.0.2+8 (17.0.2+8) (build 17.0.2+8)
# Java VM: OpenJDK 64-Bit Server VM Temurin-17.0.2+8 (17.0.2+8, mixed mode, emulated-client, tiered, compressed oops, compressed class ptrs, g1 gc, windows-amd64)
GC Precious Log:
 CPUs: 8 total, 8 available
 Memory: 3982M
 Large Page Support: Disabled
 NUMA Support: Disabled
 Compressed Oops: Enabled (32-bit)
 Heap Region Size: 1M
 Heap Min Capacity: 8M
 Heap Initial Capacity: 64M
 Heap Max Capacity: 996M
 Pre-touch: Disabled
 Parallel Workers: 8
 Concurrent Workers: 2
 Concurrent Refinement Workers: 8
 Periodic GC: Disabled
Heap:
 garbage-first heap   total 65536K, used 24664K [0x00000000c1c00000, 0x0000000100000000)
  region size 1024K, 2 young (2048K), 2 survivors (2048K)
 Metaspace       used 53463K, committed 53952K, reserved 1097728K
  class space    used 6619K, committed 6848K, reserved 1048576K
GC Heap History (20 events):
Event: 18.636 GC heap after
{Heap after GC invocations=22 (full 0):
 garbage-first heap   total 45056K, used 22542K [0x00000000c1c00000, 0x0000000100000000)
  region size 1024K, 2 young (2048K), 2 survivors (2048K)
 Metaspace       used 53085K, committed 53504K, reserved 1097728K
  class space    used 6558K, committed 6784K, reserved 1048576K
}
Event: 81.833 GC heap before
{Heap before GC invocations=23 (full 0):
 garbage-first heap   total 45056K, used 25614K [0x00000000c1c00000, 0x0000000100000000)
  region size 1024K, 6 young (6144K), 2 survivors (2048K)
 Metaspace       used 53242K, committed 53632K, reserved 1097728K
  class space    used 6585K, committed 6784K, reserved 1048576K
}
Event: 81.930 GC heap after
{Heap after GC invocations=24 (full 1):
 garbage-first heap   total 45056K, used 17975K [0x00000000c1c00000, 0x0000000100000000)
  region size 1024K, 0 young (0K), 0 survivors (0K)
 Metaspace       used 53226K, committed 53632K, reserved 1097728K
  class space    used 6584K, committed 6784K, reserved 1048576K
}
Event: 82.285 GC heap before
{Heap before GC invocations=24 (full 1):
 garbage-first heap   total 45056K, used 33335K [0x00000000c1c00000, 0x0000000100000000)
  region size 1024K, 15 young (15360K), 0 survivors (0K)
 Metaspace       used 53245K, committed 53696K, reserved 1097728K
  class space    used 6590K, committed 6784K, reserved 1048576K
}
Event: 82.287 GC heap after
{Heap after GC invocations=25 (full 1):
 garbage-first heap   total 45056K, used 19242K [0x00000000c1c00000, 0x0000000100000000)
  region size 1024K, 2 young (2048K), 2 survivors (2048K)
 Metaspace       used 53245K, committed 53696K, reserved 1097728K
  class space    used 6590K, committed 6784K, reserved 1048576K
}
Event: 82.702 GC heap before
{Heap before GC invocations=26 (full 1):
 garbage-first heap   total 45056K, used 31530K [0x00000000c1c00000, 0x0000000100000000)
  region size 1024K, 15 young (15360K), 2 survivors (2048K)
 Metaspace       used 53097K, committed 53696K, reserved 1097728K
  class space    used 6556K, committed 6784K, reserved 1048576K
}
Event: 82.707 GC heap after
{Heap after GC invocations=27 (full 1):
 garbage-first heap   total 45056K, used 20917K [0x00000000c1c00000, 0x0000000100000000)
  region size 1024K, 2 young (2048K), 2 survivors (2048K)
 Metaspace       used 53097K, committed 53696K, reserved 1097728K
  class space    used 6556K, committed 6784K, reserved 1048576K
}
Event: 82.719 GC heap before
{Heap before GC invocations=27 (full 1):
 garbage-first heap   total 45056K, used 21941K [0x00000000c1c00000, 0x0000000100000000)
  region size 1024K, 3 young (3072K), 2 survivors (2048K)
 Metaspace       used 53097K, committed 53696K, reserved 1097728K
  class space    used 6556K, committed 6784K, reserved 1048576K
}
Event: 82.727 GC heap after
{Heap after GC invocations=28 (full 1):
 garbage-first heap   total 45056K, used 20917K [0x00000000c1c00000, 0x0000000100000000)
  region size 1024K, 1 young (1024K), 1 survivors (1024K)
 Metaspace       used 53097K, committed 53696K, reserved 1097728K
  class space    used 6556K, committed 6784K, reserved 1048576K
}
Event: 82.956 GC heap before
{Heap before GC invocations=28 (full 1):
 garbage-first heap   total 45056K, used 34229K [0x00000000c1c00000, 0x0000000100000000)
  region size 1024K, 14 young (14336K), 1 survivors (1024K)
 Metaspace       used 53160K, committed 53696K, reserved 1097728K
  class space    used 6566K, committed 6784K, reserved 1048576K
}
Event: 82.959 GC heap after
{Heap after GC invocations=29 (full 1):
 garbage-first heap   total 45056K, used 22127K [0x00000000c1c00000, 0x0000000100000000)
  region size 1024K, 2 young (2048K), 2 survivors (2048K)
 Metaspace       used 53160K, committed 53696K, reserved 1097728K
  class space    used 6566K, committed 6784K, reserved 1048576K
}
Event: 84.610 GC heap before
{Heap before GC invocations=30 (full 1):
 garbage-first heap   total 45056K, used 34415K [0x00000000c1c00000, 0x0000000100000000)
  region size 1024K, 14 young (14336K), 2 survivors (2048K)
 Metaspace       used 53381K, committed 53824K, reserved 1097728K
  class space    used 6606K, committed 6784K, reserved 1048576K
}
Event: 84.614 GC heap after
{Heap after GC invocations=31 (full 1):
 garbage-first heap   total 45056K, used 23268K [0x00000000c1c00000, 0x0000000100000000)
  region size 1024K, 2 young (2048K), 2 survivors (2048K)
 Metaspace       used 53381K, committed 53824K, reserved 1097728K
  class space    used 6606K, committed 6784K, reserved 1048576K
}
Event: 84.725 GC heap before
{Heap before GC invocations=31 (full 1):
 garbage-first heap   total 45056K, used 34532K [0x00000000c1c00000, 0x0000000100000000)
  region size 1024K, 13 young (13312K), 2 survivors (2048K)
 Metaspace       used 53414K, committed 53824K, reserved 1097728K
  class space    used 6611K, committed 6784K, reserved 1048576K
}
Event: 84.727 GC heap after
{Heap after GC invocations=32 (full 1):
 garbage-first heap   total 45056K, used 23926K [0x00000000c1c00000, 0x0000000100000000)
  region size 1024K, 2 young (2048K), 2 survivors (2048K)
 Metaspace       used 53414K, committed 53824K, reserved 1097728K
  class space    used 6611K, committed 6784K, reserved 1048576K
}
Event: 84.860 GC heap before
{Heap before GC invocations=33 (full 1):
 garbage-first heap   total 46080K, used 34166K [0x00000000c1c00000, 0x0000000100000000)
  region size 1024K, 12 young (12288K), 2 survivors (2048K)
 Metaspace       used 53437K, committed 53952K, reserved 1097728K
  class space    used 6614K, committed 6848K, reserved 1048576K
}
Event: 84.862 GC heap after
{Heap after GC invocations=34 (full 1):
 garbage-first heap   total 46080K, used 24417K [0x00000000c1c00000, 0x0000000100000000)
  region size 1024K, 1 young (1024K), 1 survivors (1024K)
 Metaspace       used 53437K, committed 53952K, reserved 1097728K
  class space    used 6614K, committed 6848K, reserved 1048576K
}
Event: 84.871 GC heap before
{Heap before GC invocations=34 (full 1):
 garbage-first heap   total 46080K, used 25441K [0x00000000c1c00000, 0x0000000100000000)
  region size 1024K, 2 young (2048K), 1 survivors (1024K)
 Metaspace       used 53437K, committed 53952K, reserved 1097728K
  class space    used 6614K, committed 6848K, reserved 1048576K
}
Event: 84.874 GC heap after
{Heap after GC invocations=35 (full 1):
 garbage-first heap   total 46080K, used 23813K [0x00000000c1c00000, 0x0000000100000000)
  region size 1024K, 1 young (1024K), 1 survivors (1024K)
 Metaspace       used 53437K, committed 53952K, reserved 1097728K
  class space    used 6614K, committed 6848K, reserved 1048576K
}
Event: 84.972 GC heap before
{Heap before GC invocations=35 (full 1):
 garbage-first heap   total 46080K, used 36101K [0x00000000c1c00000, 0x0000000100000000)
  region size 1024K, 13 young (13312K), 1 survivors (1024K)
 Metaspace       used 53463K, committed 53952K, reserved 1097728K
  class space    used 6619K, committed 6848K, reserved 1048576K
}

